<?xml version="1.0" encoding="UTF-8"?>
<!-- Generated by org.testng.reporters.JUnitXMLReporter -->
<testsuite hostname="N-20S5PF2GG0F1" ignored="3" name="BankingApp Test" tests="15" failures="1" timestamp="02 Sep 2022 03:59:51 GMT" time="5.348" errors="0">
  <testcase name="testNavigateToTodosPage" time="1.155" classname="com.inetBanking.testCases.TC_TodoAddItem_001"/>
  <testcase name="addItem" time="1.344" classname="com.inetBanking.testCases.TC_TodoAddItem_001"/>
  <testcase name="addItem" time="0.235" classname="com.inetBanking.testCases.TC_TodoAddItem_001"/>
  <testcase name="addItem" time="0.191" classname="com.inetBanking.testCases.TC_TodoAddItem_001"/>
  <testcase name="addItem" time="0.201" classname="com.inetBanking.testCases.TC_TodoAddItem_001">
    <failure type="java.lang.AssertionError" message="expected [true] but found [false]">
      <![CDATA[java.lang.AssertionError: expected [true] but found [false]
at com.inetBanking.testCases.TC_TodoAddItem_001.addItem(TC_TodoAddItem_001.java:116)
... Removed 29 stack frames]]>
    </failure>
  </testcase> <!-- addItem -->
  <testcase name="addItem" time="0.223" classname="com.inetBanking.testCases.TC_TodoAddItem_001"/>
  <testcase name="addItem" time="0.206" classname="com.inetBanking.testCases.TC_TodoAddItem_001"/>
  <testcase name="addItem" time="0.219" classname="com.inetBanking.testCases.TC_TodoAddItem_001"/>
  <testcase name="addItem" time="0.181" classname="com.inetBanking.testCases.TC_TodoAddItem_001"/>
  <testcase name="addItemBeginswithSpaces" time="0.227" classname="com.inetBanking.testCases.TC_TodoAddItem_001"/>
  <testcase name="addItemBeginswithSpaces" time="0.223" classname="com.inetBanking.testCases.TC_TodoAddItem_001"/>
  <testcase name="checkFootercount" time="0.0" classname="com.inetBanking.testCases.TC_TodoAddItem_001">
    <skipped/>
  </testcase> <!-- checkFootercount -->
  <testcase name="editItem" time="0.274" classname="com.inetBanking.testCases.TC_Updateitem_002"/>
  <testcase name="editItem" time="0.249" classname="com.inetBanking.testCases.TC_Updateitem_002"/>
  <testcase name="editItem" time="0.26" classname="com.inetBanking.testCases.TC_Updateitem_002"/>
  <testcase name="addItemwithNullorEmpty" time="0.0" classname="com.inetBanking.testCases.TC_TodoAddItem_001">
    <ignored/>
  </testcase> <!-- addItemwithNullorEmpty -->
  <testcase name="@BeforeSuite setup" time="0.0" classname="com.inetBanking.base.BaseClass">
    <ignored/>
  </testcase> <!-- @BeforeSuite setup -->
  <testcase name="@AfterSuite tearDown" time="0.0" classname="com.inetBanking.base.BaseClass">
    <ignored/>
  </testcase> <!-- @AfterSuite tearDown -->
</testsuite> <!-- BankingApp Test -->
